2018-10-09 16:33:37 [::1][-][7bedae41a180f6ee08cbbbb823610db9][error][yii\base\InvalidConfigException] yii\base\InvalidConfigException: The directory does not exist: /opt/lampp/htdocs/Yii/advanced/assets in /opt/lampp/htdocs/Yii/advanced/vendor/yiisoft/yii2/web/AssetManager.php:213
Stack trace:
#0 /opt/lampp/htdocs/Yii/advanced/vendor/yiisoft/yii2/base/BaseObject.php(109): yii\web\AssetManager->init()
#1 [internal function]: yii\base\BaseObject->__construct(Array)
#2 /opt/lampp/htdocs/Yii/advanced/vendor/yiisoft/yii2/di/Container.php(375): ReflectionClass->newInstanceArgs(Array)
#3 /opt/lampp/htdocs/Yii/advanced/vendor/yiisoft/yii2/di/Container.php(156): yii\di\Container->build('yii\\web\\AssetMa...', Array, Array)
#4 /opt/lampp/htdocs/Yii/advanced/vendor/yiisoft/yii2/BaseYii.php(349): yii\di\Container->get('yii\\web\\AssetMa...', Array, Array)
#5 /opt/lampp/htdocs/Yii/advanced/vendor/yiisoft/yii2/di/ServiceLocator.php(137): yii\BaseYii::createObject(Array)
#6 /opt/lampp/htdocs/Yii/advanced/vendor/yiisoft/yii2/base/Module.php(742): yii\di\ServiceLocator->get('assetManager', true)
#7 /opt/lampp/htdocs/Yii/advanced/vendor/yiisoft/yii2/base/Application.php(608): yii\base\Module->get('assetManager')
#8 /opt/lampp/htdocs/Yii/advanced/vendor/yiisoft/yii2/web/View.php(225): yii\base\Application->getAssetManager()
#9 /opt/lampp/htdocs/Yii/advanced/vendor/yiisoft/yii2/web/View.php(285): yii\web\View->getAssetManager()
#10 /opt/lampp/htdocs/Yii/advanced/vendor/yiisoft/yii2/web/AssetBundle.php(125): yii\web\View->registerAssetBundle('frontend\\assets...')
#11 /opt/lampp/htdocs/Yii/advanced/frontend/views/layouts/main.php(13): yii\web\AssetBundle::register(Object(yii\web\View))
#12 /opt/lampp/htdocs/Yii/advanced/vendor/yiisoft/yii2/base/View.php(336): require('/opt/lampp/htdo...')
#13 /opt/lampp/htdocs/Yii/advanced/vendor/yiisoft/yii2/base/View.php(254): yii\base\View->renderPhpFile('/opt/lampp/htdo...', Array)
#14 /opt/lampp/htdocs/Yii/advanced/vendor/yiisoft/yii2/base/Controller.php(399): yii\base\View->renderFile('/opt/lampp/htdo...', Array, Object(frontend\controllers\SiteController))
#15 /opt/lampp/htdocs/Yii/advanced/vendor/yiisoft/yii2/base/Controller.php(385): yii\base\Controller->renderContent('<div class="sit...')
#16 /opt/lampp/htdocs/Yii/advanced/frontend/controllers/SiteController.php(75): yii\base\Controller->render('index')
#17 [internal function]: frontend\controllers\SiteController->actionIndex()
#18 /opt/lampp/htdocs/Yii/advanced/vendor/yiisoft/yii2/base/InlineAction.php(57): call_user_func_array(Array, Array)
#19 /opt/lampp/htdocs/Yii/advanced/vendor/yiisoft/yii2/base/Controller.php(157): yii\base\InlineAction->runWithParams(Array)
#20 /opt/lampp/htdocs/Yii/advanced/vendor/yiisoft/yii2/base/Module.php(528): yii\base\Controller->runAction('', Array)
#21 /opt/lampp/htdocs/Yii/advanced/vendor/yiisoft/yii2/web/Application.php(103): yii\base\Module->runAction('', Array)
#22 /opt/lampp/htdocs/Yii/advanced/vendor/yiisoft/yii2/base/Application.php(386): yii\web\Application->handleRequest(Object(yii\web\Request))
#23 /opt/lampp/htdocs/Yii/advanced/index.php(17): yii\base\Application->run()
#24 {main}
2018-10-09 16:33:37 [::1][-][7bedae41a180f6ee08cbbbb823610db9][info][application] $_GET = []

$_POST = []

$_FILES = []

$_COOKIE = [
    'remember_web_59ba36addc2b2f9401580f014c7f58ea4e30989d' => 'eyJpdiI6IkJITGdtUXdXWmo1OElrR21rM3czT3c9PSIsInZhbHVlIjoiU2tCNExVdkJiSU1xNWVIMGhNSWlLNVVFSStlaVNtTGxsY1wvUlk5UXYxYlR3eFBTNW5YZDNXN3FZbWJnTHczSjZkaEZkWmFRcHdyTlF5Nk53azF1S3dPdklBN0NSRnJjUnc1YUdWUjN0d0pRPSIsIm1hYyI6IjI5ZWQxMjUxNDM4NGZlZDhhNzJhYjM3MTg4OWU2NGE3YTFkMjUyNWU0ZGJlYWNlOTQ0NmQ2MTA5MDRmNzgyZWMifQ=='
    '_ga' => 'GA1.1.557459340.1539079879'
    '_gid' => 'GA1.1.124800604.1539079879'
    'advanced-frontend' => '7bedae41a180f6ee08cbbbb823610db9'
    '_csrf-frontend' => '7523d222bba5953ebc82cd40896a1c0f7eba47a4865a616525ef7baad34bcbb9a:2:{i:0;s:14:\"_csrf-frontend\";i:1;s:32:\"4CGFjFS9sVEzfnl2RrrZ6kwJ194de97c\";}'
]

$_SESSION = [
    '__flash' => []
]

$_SERVER = [
    'UNIQUE_ID' => 'W7yLCeJFui8V6gvYMtB1KgAAAA0'
    'HTTP_HOST' => 'localhost'
    'HTTP_CONNECTION' => 'keep-alive'
    'HTTP_CACHE_CONTROL' => 'max-age=0'
    'HTTP_UPGRADE_INSECURE_REQUESTS' => '1'
    'HTTP_USER_AGENT' => 'Mozilla/5.0 (X11; Linux x86_64) AppleWebKit/537.36 (KHTML, like Gecko) Chrome/66.0.3359.117 Safari/537.36'
    'HTTP_ACCEPT' => 'text/html,application/xhtml+xml,application/xml;q=0.9,image/webp,image/apng,*/*;q=0.8'
    'HTTP_ACCEPT_ENCODING' => 'gzip, deflate, br'
    'HTTP_ACCEPT_LANGUAGE' => 'en-US,en;q=0.9'
    'HTTP_COOKIE' => 'remember_web_59ba36addc2b2f9401580f014c7f58ea4e30989d=eyJpdiI6IkJITGdtUXdXWmo1OElrR21rM3czT3c9PSIsInZhbHVlIjoiU2tCNExVdkJiSU1xNWVIMGhNSWlLNVVFSStlaVNtTGxsY1wvUlk5UXYxYlR3eFBTNW5YZDNXN3FZbWJnTHczSjZkaEZkWmFRcHdyTlF5Nk53azF1S3dPdklBN0NSRnJjUnc1YUdWUjN0d0pRPSIsIm1hYyI6IjI5ZWQxMjUxNDM4NGZlZDhhNzJhYjM3MTg4OWU2NGE3YTFkMjUyNWU0ZGJlYWNlOTQ0NmQ2MTA5MDRmNzgyZWMifQ%3D%3D; _ga=GA1.1.557459340.1539079879; _gid=GA1.1.124800604.1539079879; advanced-frontend=7bedae41a180f6ee08cbbbb823610db9; _csrf-frontend=7523d222bba5953ebc82cd40896a1c0f7eba47a4865a616525ef7baad34bcbb9a%3A2%3A%7Bi%3A0%3Bs%3A14%3A%22_csrf-frontend%22%3Bi%3A1%3Bs%3A32%3A%224CGFjFS9sVEzfnl2RrrZ6kwJ194de97c%22%3B%7D'
    'PATH' => '/usr/local/sbin:/usr/local/bin:/usr/sbin:/usr/bin:/sbin:/bin:/snap/bin'
    'LD_LIBRARY_PATH' => '/opt/lampp/lib:/opt/lampp/lib'
    'SERVER_SIGNATURE' => ''
    'SERVER_SOFTWARE' => 'Apache/2.4.33 (Unix) OpenSSL/1.0.2o PHP/7.2.5 mod_perl/2.0.8-dev Perl/v5.16.3'
    'SERVER_NAME' => 'localhost'
    'SERVER_ADDR' => '::1'
    'SERVER_PORT' => '80'
    'REMOTE_ADDR' => '::1'
    'DOCUMENT_ROOT' => '/opt/lampp/htdocs'
    'REQUEST_SCHEME' => 'http'
    'CONTEXT_PREFIX' => ''
    'CONTEXT_DOCUMENT_ROOT' => '/opt/lampp/htdocs'
    'SERVER_ADMIN' => 'you@example.com'
    'SCRIPT_FILENAME' => '/opt/lampp/htdocs/Yii/advanced/index.php'
    'REMOTE_PORT' => '49870'
    'GATEWAY_INTERFACE' => 'CGI/1.1'
    'SERVER_PROTOCOL' => 'HTTP/1.1'
    'REQUEST_METHOD' => 'GET'
    'QUERY_STRING' => ''
    'REQUEST_URI' => '/Yii/advanced/'
    'SCRIPT_NAME' => '/Yii/advanced/index.php'
    'PHP_SELF' => '/Yii/advanced/index.php'
    'REQUEST_TIME_FLOAT' => 1539083017.699
    'REQUEST_TIME' => 1539083017
]
